2025-09-02 17:50:33,862 [Worker-8: Loading available Gradle versions] INFO  o.e.b.c.i.u.g.PublishedGradleVersions - Gradle version information cache is not available. Remote download required.
2025-09-02 17:51:46,100 [Worker-14: Importing Maven projects] INFO  o.e.m.c.i.l.LifecycleMappingFactory - Using org.eclipse.m2e.jdt.JarLifecycleMapping lifecycle mapping for MavenProject: test:bookmyshow:0.0.1-SNAPSHOT @ C:\Users\soumyakanta behera\Downloads\automation-framework-cucumber\automation-framework-cucumber\pom.xml.
2025-09-02 17:51:48,942 [Worker-14: Importing Maven projects] INFO  o.e.m.j.i.AbstractJavaProjectConfigurator - Adding source folder /automation-framework-cucumber/src/main/java
2025-09-02 17:51:48,950 [Worker-14: Importing Maven projects] INFO  o.e.m.j.i.AbstractJavaProjectConfigurator - Adding resource folder /automation-framework-cucumber/src/main/resources
2025-09-02 17:51:48,954 [Worker-14: Importing Maven projects] INFO  o.e.m.j.i.AbstractJavaProjectConfigurator - Adding source folder /automation-framework-cucumber/src/test/java
2025-09-02 17:51:48,957 [Worker-14: Importing Maven projects] INFO  o.e.m.j.i.AbstractJavaProjectConfigurator - Adding resource folder /automation-framework-cucumber/src/test/resources
2025-09-02 17:51:49,563 [Worker-14: Importing Maven projects] INFO  o.e.m.c.i.p.ProjectConfigurationManager - Imported and configured 1 project(s) in 4 sec
2025-09-02 17:51:53,774 [Worker-9: Building] INFO  o.a.m.s.f.DefaultMavenResourcesFiltering - Copying 0 resource from src\main\resources to target\classes
2025-09-02 17:51:53,782 [Worker-9: Building] INFO  o.a.m.s.f.DefaultMavenResourcesFiltering - Copying 0 resource from src\test\resources to target\test-classes
2025-09-02 17:52:43,618 [Worker-6: Loading available Gradle versions] INFO  o.e.b.c.i.u.g.PublishedGradleVersions - Gradle version information cache is up-to-date. Trying to read.
2025-09-02 17:53:32,783 [Worker-5: Building] INFO  o.a.m.s.f.DefaultMavenResourcesFiltering - Copying 0 resource from src\main\resources to target\classes
2025-09-02 17:53:32,796 [Worker-5: Building] INFO  o.a.m.s.f.DefaultMavenResourcesFiltering - Copying 0 resource from src\test\resources to target\test-classes
2025-09-02 17:56:21,366 [main] INFO  o.e.m.jdt.internal.UnitTestSupport - Updating automation-framework-cucumber_testng.xml from maven configuration
2025-09-02 18:02:37,815 [Worker-13: Building] INFO  o.a.m.s.f.DefaultMavenResourcesFiltering - Copying 0 resource from src\main\resources to target\classes
2025-09-02 18:02:37,822 [Worker-13: Building] INFO  o.a.m.s.f.DefaultMavenResourcesFiltering - Copying 0 resource from src\test\resources to target\test-classes
2025-09-02 18:05:41,342 [Worker-8: Building] INFO  o.a.m.s.f.DefaultMavenResourcesFiltering - Copying 0 resource from src\main\resources to target\classes
2025-09-02 18:05:41,356 [Worker-8: Building] INFO  o.a.m.s.f.DefaultMavenResourcesFiltering - Copying 0 resource from src\test\resources to target\test-classes
2025-09-02 18:05:57,030 [Worker-8: Updating Maven Project] INFO  o.e.m.c.i.p.ProjectConfigurationManager - Update started
2025-09-02 18:05:57,960 [Worker-8: Updating Maven Project] INFO  o.e.m.c.i.l.LifecycleMappingFactory - Using org.eclipse.m2e.jdt.JarLifecycleMapping lifecycle mapping for MavenProject: test:bookmyshow:0.0.1-SNAPSHOT @ C:\Users\soumyakanta behera\Downloads\automation-framework-cucumber\automation-framework-cucumber\pom.xml.
2025-09-02 18:06:00,374 [Worker-8: Updating Maven Project] INFO  o.e.m.j.i.AbstractJavaProjectConfigurator - Adding source folder /automation-framework-cucumber/src/main/java
2025-09-02 18:06:00,378 [Worker-8: Updating Maven Project] INFO  o.e.m.j.i.AbstractJavaProjectConfigurator - Adding resource folder /automation-framework-cucumber/src/main/resources
2025-09-02 18:06:00,380 [Worker-8: Updating Maven Project] INFO  o.e.m.j.i.AbstractJavaProjectConfigurator - Adding source folder /automation-framework-cucumber/src/test/java
2025-09-02 18:06:00,384 [Worker-8: Updating Maven Project] INFO  o.e.m.j.i.AbstractJavaProjectConfigurator - Adding resource folder /automation-framework-cucumber/src/test/resources
2025-09-02 18:06:00,679 [Worker-8: Updating Maven Project] INFO  o.e.m.jdt.internal.UnitTestSupport - Reset launch configuration name: automation-framework-cucumber_testng.xml
2025-09-02 18:06:00,680 [Worker-8: Updating Maven Project] INFO  o.e.m.jdt.internal.UnitTestSupport - Updating automation-framework-cucumber_testng.xml from maven configuration
2025-09-02 18:06:01,888 [Worker-8: Updating Maven Project] INFO  o.e.m.c.i.p.ProjectConfigurationManager - Update completed for 1 poms: local refresh takes 0.00 sec, refresh facades takes 2.00 sec, update config takes 1.00 sec 
2025-09-02 18:06:02,624 [Worker-18: Building] INFO  o.a.m.s.f.DefaultMavenResourcesFiltering - Copying 0 resource from src\main\resources to target\classes
2025-09-02 18:06:02,630 [Worker-18: Building] INFO  o.a.m.s.f.DefaultMavenResourcesFiltering - Copying 0 resource from src\test\resources to target\test-classes
2025-09-02 18:06:06,167 [Worker-5: Updating Maven Project] INFO  o.e.m.c.i.p.ProjectConfigurationManager - Update started
2025-09-02 18:06:06,713 [Worker-5: Updating Maven Project] INFO  o.e.m.c.i.l.LifecycleMappingFactory - Using org.eclipse.m2e.jdt.JarLifecycleMapping lifecycle mapping for MavenProject: test:bookmyshow:0.0.1-SNAPSHOT @ C:\Users\soumyakanta behera\Downloads\automation-framework-cucumber\automation-framework-cucumber\pom.xml.
2025-09-02 18:06:09,750 [Worker-5: Updating Maven Project] INFO  o.e.m.c.i.e.AbstractTransferListenerAdapter - Downloading https://repo.maven.apache.org/maven2/io/cucumber/messages/maven-metadata.xml
2025-09-02 18:06:09,775 [Worker-5: Updating Maven Project] INFO  o.e.m.c.i.e.AbstractTransferListenerAdapter - Downloaded https://repo.maven.apache.org/maven2/io/cucumber/messages/maven-metadata.xml
2025-09-02 18:06:10,457 [Worker-5: Updating Maven Project] INFO  o.e.m.c.i.e.AbstractTransferListenerAdapter - Downloading https://repo.maven.apache.org/maven2/io/cucumber/query/maven-metadata.xml
2025-09-02 18:06:10,464 [Worker-5: Updating Maven Project] INFO  o.e.m.c.i.e.AbstractTransferListenerAdapter - Downloaded https://repo.maven.apache.org/maven2/io/cucumber/query/maven-metadata.xml
2025-09-02 18:06:11,225 [Worker-5: Updating Maven Project] INFO  o.e.m.j.i.AbstractJavaProjectConfigurator - Adding source folder /automation-framework-cucumber/src/main/java
2025-09-02 18:06:11,229 [Worker-5: Updating Maven Project] INFO  o.e.m.j.i.AbstractJavaProjectConfigurator - Adding resource folder /automation-framework-cucumber/src/main/resources
2025-09-02 18:06:11,230 [Worker-5: Updating Maven Project] INFO  o.e.m.j.i.AbstractJavaProjectConfigurator - Adding source folder /automation-framework-cucumber/src/test/java
2025-09-02 18:06:11,232 [Worker-5: Updating Maven Project] INFO  o.e.m.j.i.AbstractJavaProjectConfigurator - Adding resource folder /automation-framework-cucumber/src/test/resources
2025-09-02 18:06:11,540 [Worker-5: Updating Maven Project] INFO  o.e.m.jdt.internal.UnitTestSupport - Reset launch configuration name: automation-framework-cucumber_testng.xml
2025-09-02 18:06:11,540 [Worker-5: Updating Maven Project] INFO  o.e.m.jdt.internal.UnitTestSupport - Updating automation-framework-cucumber_testng.xml from maven configuration
2025-09-02 18:06:12,128 [Worker-5: Updating Maven Project] INFO  o.e.m.c.i.p.ProjectConfigurationManager - Update completed for 1 poms: local refresh takes 0.00 sec, refresh facades takes 4.00 sec, update config takes 0.00 sec 
2025-09-02 18:06:12,788 [Worker-20: Building] INFO  o.a.m.s.f.DefaultMavenResourcesFiltering - Copying 0 resource from src\main\resources to target\classes
2025-09-02 18:06:12,795 [Worker-20: Building] INFO  o.a.m.s.f.DefaultMavenResourcesFiltering - Copying 0 resource from src\test\resources to target\test-classes
2025-09-02 18:08:03,272 [Worker-8: Building] INFO  o.a.m.s.f.DefaultMavenResourcesFiltering - Copying 0 resource from src\main\resources to target\classes
2025-09-02 18:08:03,280 [Worker-8: Building] INFO  o.a.m.s.f.DefaultMavenResourcesFiltering - Copying 0 resource from src\test\resources to target\test-classes
2025-09-02 18:08:13,266 [Worker-5: Updating Maven Project] INFO  o.e.m.c.i.p.ProjectConfigurationManager - Update started
2025-09-02 18:08:13,693 [Worker-5: Updating Maven Project] INFO  o.e.m.c.i.l.LifecycleMappingFactory - Using org.eclipse.m2e.jdt.JarLifecycleMapping lifecycle mapping for MavenProject: test:bookmyshow:0.0.1-SNAPSHOT @ C:\Users\soumyakanta behera\Downloads\automation-framework-cucumber\automation-framework-cucumber\pom.xml.
2025-09-02 18:08:15,709 [Worker-5: Updating Maven Project] INFO  o.e.m.c.i.e.AbstractTransferListenerAdapter - Downloading https://repo.maven.apache.org/maven2/io/cucumber/messages/maven-metadata.xml
2025-09-02 18:08:15,733 [Worker-5: Updating Maven Project] INFO  o.e.m.c.i.e.AbstractTransferListenerAdapter - Downloaded https://repo.maven.apache.org/maven2/io/cucumber/messages/maven-metadata.xml
2025-09-02 18:08:16,583 [Worker-5: Updating Maven Project] INFO  o.e.m.c.i.e.AbstractTransferListenerAdapter - Downloading https://repo.maven.apache.org/maven2/io/cucumber/query/maven-metadata.xml
2025-09-02 18:08:16,597 [Worker-5: Updating Maven Project] INFO  o.e.m.c.i.e.AbstractTransferListenerAdapter - Downloaded https://repo.maven.apache.org/maven2/io/cucumber/query/maven-metadata.xml
2025-09-02 18:08:17,309 [Worker-5: Updating Maven Project] INFO  o.e.m.j.i.AbstractJavaProjectConfigurator - Adding source folder /automation-framework-cucumber/src/main/java
2025-09-02 18:08:17,310 [Worker-5: Updating Maven Project] INFO  o.e.m.j.i.AbstractJavaProjectConfigurator - Adding resource folder /automation-framework-cucumber/src/main/resources
2025-09-02 18:08:17,311 [Worker-5: Updating Maven Project] INFO  o.e.m.j.i.AbstractJavaProjectConfigurator - Adding source folder /automation-framework-cucumber/src/test/java
2025-09-02 18:08:17,313 [Worker-5: Updating Maven Project] INFO  o.e.m.j.i.AbstractJavaProjectConfigurator - Adding resource folder /automation-framework-cucumber/src/test/resources
2025-09-02 18:08:17,556 [Worker-5: Updating Maven Project] INFO  o.e.m.jdt.internal.UnitTestSupport - Reset launch configuration name: automation-framework-cucumber_testng.xml
2025-09-02 18:08:17,556 [Worker-5: Updating Maven Project] INFO  o.e.m.jdt.internal.UnitTestSupport - Updating automation-framework-cucumber_testng.xml from maven configuration
2025-09-02 18:08:18,062 [Worker-5: Updating Maven Project] INFO  o.e.m.c.i.p.ProjectConfigurationManager - Update completed for 1 poms: local refresh takes 0.00 sec, refresh facades takes 3.00 sec, update config takes 0.00 sec 
2025-09-02 18:08:18,649 [Worker-18: Building] INFO  o.a.m.s.f.DefaultMavenResourcesFiltering - Copying 0 resource from src\main\resources to target\classes
2025-09-02 18:08:18,657 [Worker-18: Building] INFO  o.a.m.s.f.DefaultMavenResourcesFiltering - Copying 0 resource from src\test\resources to target\test-classes
2025-09-02 18:08:21,924 [Worker-5: Building] INFO  o.a.m.s.f.DefaultMavenResourcesFiltering - Copying 0 resource from src\main\resources to target\classes
2025-09-02 18:08:21,929 [Worker-5: Building] INFO  o.a.m.s.f.DefaultMavenResourcesFiltering - Copying 0 resource from src\test\resources to target\test-classes
2025-09-02 18:08:27,328 [main] INFO  o.e.m2e.actions.ExecutePomAction - Creating new launch configuration
2025-09-02 18:08:38,413 [Worker-8: Launching automation-framework-cucumber] INFO  o.eclipse.m2e.core.internal.Bundles - getClasspathEntries(Bundle=org.eclipse.m2e.maven.runtime_3.9.900.20250220-2013 [639])
2025-09-02 18:08:38,419 [Worker-8: Launching automation-framework-cucumber] INFO  o.eclipse.m2e.core.internal.Bundles - 	Entry: C:\Users\soumyakanta behera\.p2\pool\plugins\org.eclipse.m2e.maven.runtime_3.9.900.20250220-2013
2025-09-02 18:08:38,419 [Worker-8: Launching automation-framework-cucumber] INFO  o.eclipse.m2e.core.internal.Bundles - 	Entry: C:\Users\soumyakanta behera\.p2\pool\plugins\org.eclipse.m2e.maven.runtime_3.9.900.20250220-2013\jars\aopalliance-1.0.jar
2025-09-02 18:08:38,420 [Worker-8: Launching automation-framework-cucumber] INFO  o.eclipse.m2e.core.internal.Bundles - 	Entry: C:\Users\soumyakanta behera\.p2\pool\plugins\org.eclipse.m2e.maven.runtime_3.9.900.20250220-2013\jars\guice-5.1.0.jar
2025-09-02 18:08:38,420 [Worker-8: Launching automation-framework-cucumber] INFO  o.eclipse.m2e.core.internal.Bundles - 	Entry: C:\Users\soumyakanta behera\.p2\pool\plugins\org.eclipse.m2e.maven.runtime_3.9.900.20250220-2013\jars\httpclient-4.5.14.jar
2025-09-02 18:08:38,420 [Worker-8: Launching automation-framework-cucumber] INFO  o.eclipse.m2e.core.internal.Bundles - 	Entry: C:\Users\soumyakanta behera\.p2\pool\plugins\org.eclipse.m2e.maven.runtime_3.9.900.20250220-2013\jars\httpcore-4.4.16.jar
2025-09-02 18:08:38,420 [Worker-8: Launching automation-framework-cucumber] INFO  o.eclipse.m2e.core.internal.Bundles - 	Entry: C:\Users\soumyakanta behera\.p2\pool\plugins\org.eclipse.m2e.maven.runtime_3.9.900.20250220-2013\jars\jansi-2.4.1.jar
2025-09-02 18:08:38,421 [Worker-8: Launching automation-framework-cucumber] INFO  o.eclipse.m2e.core.internal.Bundles - 	Entry: C:\Users\soumyakanta behera\.p2\pool\plugins\org.eclipse.m2e.maven.runtime_3.9.900.20250220-2013\jars\jcl-over-slf4j-1.7.36.jar
2025-09-02 18:08:38,421 [Worker-8: Launching automation-framework-cucumber] INFO  o.eclipse.m2e.core.internal.Bundles - 	Entry: C:\Users\soumyakanta behera\.p2\pool\plugins\org.eclipse.m2e.maven.runtime_3.9.900.20250220-2013\jars\maven-artifact-3.9.9.jar
2025-09-02 18:08:38,421 [Worker-8: Launching automation-framework-cucumber] INFO  o.eclipse.m2e.core.internal.Bundles - 	Entry: C:\Users\soumyakanta behera\.p2\pool\plugins\org.eclipse.m2e.maven.runtime_3.9.900.20250220-2013\jars\maven-builder-support-3.9.9.jar
2025-09-02 18:08:38,421 [Worker-8: Launching automation-framework-cucumber] INFO  o.eclipse.m2e.core.internal.Bundles - 	Entry: C:\Users\soumyakanta behera\.p2\pool\plugins\org.eclipse.m2e.maven.runtime_3.9.900.20250220-2013\jars\maven-compat-3.9.9.jar
2025-09-02 18:08:38,422 [Worker-8: Launching automation-framework-cucumber] INFO  o.eclipse.m2e.core.internal.Bundles - 	Entry: C:\Users\soumyakanta behera\.p2\pool\plugins\org.eclipse.m2e.maven.runtime_3.9.900.20250220-2013\jars\maven-core-3.9.9.jar
2025-09-02 18:08:38,422 [Worker-8: Launching automation-framework-cucumber] INFO  o.eclipse.m2e.core.internal.Bundles - 	Entry: C:\Users\soumyakanta behera\.p2\pool\plugins\org.eclipse.m2e.maven.runtime_3.9.900.20250220-2013\jars\maven-embedder-3.9.9.jar
2025-09-02 18:08:38,422 [Worker-8: Launching automation-framework-cucumber] INFO  o.eclipse.m2e.core.internal.Bundles - 	Entry: C:\Users\soumyakanta behera\.p2\pool\plugins\org.eclipse.m2e.maven.runtime_3.9.900.20250220-2013\jars\maven-model-3.9.9.jar
2025-09-02 18:08:38,423 [Worker-8: Launching automation-framework-cucumber] INFO  o.eclipse.m2e.core.internal.Bundles - 	Entry: C:\Users\soumyakanta behera\.p2\pool\plugins\org.eclipse.m2e.maven.runtime_3.9.900.20250220-2013\jars\maven-model-builder-3.9.9.jar
2025-09-02 18:08:38,423 [Worker-8: Launching automation-framework-cucumber] INFO  o.eclipse.m2e.core.internal.Bundles - 	Entry: C:\Users\soumyakanta behera\.p2\pool\plugins\org.eclipse.m2e.maven.runtime_3.9.900.20250220-2013\jars\maven-plugin-api-3.9.9.jar
2025-09-02 18:08:38,423 [Worker-8: Launching automation-framework-cucumber] INFO  o.eclipse.m2e.core.internal.Bundles - 	Entry: C:\Users\soumyakanta behera\.p2\pool\plugins\org.eclipse.m2e.maven.runtime_3.9.900.20250220-2013\jars\maven-repository-metadata-3.9.9.jar
2025-09-02 18:08:38,424 [Worker-8: Launching automation-framework-cucumber] INFO  o.eclipse.m2e.core.internal.Bundles - 	Entry: C:\Users\soumyakanta behera\.p2\pool\plugins\org.eclipse.m2e.maven.runtime_3.9.900.20250220-2013\jars\maven-resolver-api-1.9.22.jar
2025-09-02 18:08:38,424 [Worker-8: Launching automation-framework-cucumber] INFO  o.eclipse.m2e.core.internal.Bundles - 	Entry: C:\Users\soumyakanta behera\.p2\pool\plugins\org.eclipse.m2e.maven.runtime_3.9.900.20250220-2013\jars\maven-resolver-connector-basic-1.9.22.jar
2025-09-02 18:08:38,424 [Worker-8: Launching automation-framework-cucumber] INFO  o.eclipse.m2e.core.internal.Bundles - 	Entry: C:\Users\soumyakanta behera\.p2\pool\plugins\org.eclipse.m2e.maven.runtime_3.9.900.20250220-2013\jars\maven-resolver-impl-1.9.22.jar
2025-09-02 18:08:38,424 [Worker-8: Launching automation-framework-cucumber] INFO  o.eclipse.m2e.core.internal.Bundles - 	Entry: C:\Users\soumyakanta behera\.p2\pool\plugins\org.eclipse.m2e.maven.runtime_3.9.900.20250220-2013\jars\maven-resolver-named-locks-1.9.22.jar
2025-09-02 18:08:38,424 [Worker-8: Launching automation-framework-cucumber] INFO  o.eclipse.m2e.core.internal.Bundles - 	Entry: C:\Users\soumyakanta behera\.p2\pool\plugins\org.eclipse.m2e.maven.runtime_3.9.900.20250220-2013\jars\maven-resolver-provider-3.9.9.jar
2025-09-02 18:08:38,425 [Worker-8: Launching automation-framework-cucumber] INFO  o.eclipse.m2e.core.internal.Bundles - 	Entry: C:\Users\soumyakanta behera\.p2\pool\plugins\org.eclipse.m2e.maven.runtime_3.9.900.20250220-2013\jars\maven-resolver-spi-1.9.22.jar
2025-09-02 18:08:38,425 [Worker-8: Launching automation-framework-cucumber] INFO  o.eclipse.m2e.core.internal.Bundles - 	Entry: C:\Users\soumyakanta behera\.p2\pool\plugins\org.eclipse.m2e.maven.runtime_3.9.900.20250220-2013\jars\maven-resolver-transport-file-1.9.22.jar
2025-09-02 18:08:38,425 [Worker-8: Launching automation-framework-cucumber] INFO  o.eclipse.m2e.core.internal.Bundles - 	Entry: C:\Users\soumyakanta behera\.p2\pool\plugins\org.eclipse.m2e.maven.runtime_3.9.900.20250220-2013\jars\maven-resolver-transport-http-1.9.22.jar
2025-09-02 18:08:38,425 [Worker-8: Launching automation-framework-cucumber] INFO  o.eclipse.m2e.core.internal.Bundles - 	Entry: C:\Users\soumyakanta behera\.p2\pool\plugins\org.eclipse.m2e.maven.runtime_3.9.900.20250220-2013\jars\maven-resolver-transport-wagon-1.9.22.jar
2025-09-02 18:08:38,425 [Worker-8: Launching automation-framework-cucumber] INFO  o.eclipse.m2e.core.internal.Bundles - 	Entry: C:\Users\soumyakanta behera\.p2\pool\plugins\org.eclipse.m2e.maven.runtime_3.9.900.20250220-2013\jars\maven-resolver-util-1.9.22.jar
2025-09-02 18:08:38,425 [Worker-8: Launching automation-framework-cucumber] INFO  o.eclipse.m2e.core.internal.Bundles - 	Entry: C:\Users\soumyakanta behera\.p2\pool\plugins\org.eclipse.m2e.maven.runtime_3.9.900.20250220-2013\jars\maven-settings-3.9.9.jar
2025-09-02 18:08:38,425 [Worker-8: Launching automation-framework-cucumber] INFO  o.eclipse.m2e.core.internal.Bundles - 	Entry: C:\Users\soumyakanta behera\.p2\pool\plugins\org.eclipse.m2e.maven.runtime_3.9.900.20250220-2013\jars\maven-settings-builder-3.9.9.jar
2025-09-02 18:08:38,426 [Worker-8: Launching automation-framework-cucumber] INFO  o.eclipse.m2e.core.internal.Bundles - 	Entry: C:\Users\soumyakanta behera\.p2\pool\plugins\org.eclipse.m2e.maven.runtime_3.9.900.20250220-2013\jars\maven-shared-utils-3.4.2.jar
2025-09-02 18:08:38,426 [Worker-8: Launching automation-framework-cucumber] INFO  o.eclipse.m2e.core.internal.Bundles - 	Entry: C:\Users\soumyakanta behera\.p2\pool\plugins\org.eclipse.m2e.maven.runtime_3.9.900.20250220-2013\jars\org.eclipse.sisu.inject-0.9.0.M3.jar
2025-09-02 18:08:38,426 [Worker-8: Launching automation-framework-cucumber] INFO  o.eclipse.m2e.core.internal.Bundles - 	Entry: C:\Users\soumyakanta behera\.p2\pool\plugins\org.eclipse.m2e.maven.runtime_3.9.900.20250220-2013\jars\org.eclipse.sisu.plexus-0.9.0.M3.jar
2025-09-02 18:08:38,426 [Worker-8: Launching automation-framework-cucumber] INFO  o.eclipse.m2e.core.internal.Bundles - 	Entry: C:\Users\soumyakanta behera\.p2\pool\plugins\org.eclipse.m2e.maven.runtime_3.9.900.20250220-2013\jars\plexus-build-api-0.0.7.jar
2025-09-02 18:08:38,426 [Worker-8: Launching automation-framework-cucumber] INFO  o.eclipse.m2e.core.internal.Bundles - 	Entry: C:\Users\soumyakanta behera\.p2\pool\plugins\org.eclipse.m2e.maven.runtime_3.9.900.20250220-2013\jars\plexus-build-api-1.2.0.jar
2025-09-02 18:08:38,427 [Worker-8: Launching automation-framework-cucumber] INFO  o.eclipse.m2e.core.internal.Bundles - 	Entry: C:\Users\soumyakanta behera\.p2\pool\plugins\org.eclipse.m2e.maven.runtime_3.9.900.20250220-2013\jars\plexus-cipher-2.0.jar
2025-09-02 18:08:38,427 [Worker-8: Launching automation-framework-cucumber] INFO  o.eclipse.m2e.core.internal.Bundles - 	Entry: C:\Users\soumyakanta behera\.p2\pool\plugins\org.eclipse.m2e.maven.runtime_3.9.900.20250220-2013\jars\plexus-classworlds-2.8.0.jar
2025-09-02 18:08:38,427 [Worker-8: Launching automation-framework-cucumber] INFO  o.eclipse.m2e.core.internal.Bundles - 	Entry: C:\Users\soumyakanta behera\.p2\pool\plugins\org.eclipse.m2e.maven.runtime_3.9.900.20250220-2013\jars\plexus-component-annotations-2.1.0.jar
2025-09-02 18:08:38,428 [Worker-8: Launching automation-framework-cucumber] INFO  o.eclipse.m2e.core.internal.Bundles - 	Entry: C:\Users\soumyakanta behera\.p2\pool\plugins\org.eclipse.m2e.maven.runtime_3.9.900.20250220-2013\jars\plexus-interpolation-1.27.jar
2025-09-02 18:08:38,429 [Worker-8: Launching automation-framework-cucumber] INFO  o.eclipse.m2e.core.internal.Bundles - 	Entry: C:\Users\soumyakanta behera\.p2\pool\plugins\org.eclipse.m2e.maven.runtime_3.9.900.20250220-2013\jars\plexus-sec-dispatcher-2.0.jar
2025-09-02 18:08:38,430 [Worker-8: Launching automation-framework-cucumber] INFO  o.eclipse.m2e.core.internal.Bundles - 	Entry: C:\Users\soumyakanta behera\.p2\pool\plugins\org.eclipse.m2e.maven.runtime_3.9.900.20250220-2013\jars\plexus-utils-3.5.1.jar
2025-09-02 18:08:38,430 [Worker-8: Launching automation-framework-cucumber] INFO  o.eclipse.m2e.core.internal.Bundles - 	Entry: C:\Users\soumyakanta behera\.p2\pool\plugins\org.eclipse.m2e.maven.runtime_3.9.900.20250220-2013\jars\plexus-xml-3.0.1.jar
2025-09-02 18:08:38,430 [Worker-8: Launching automation-framework-cucumber] INFO  o.eclipse.m2e.core.internal.Bundles - 	Entry: C:\Users\soumyakanta behera\.p2\pool\plugins\org.eclipse.m2e.maven.runtime_3.9.900.20250220-2013\jars\wagon-file-3.5.3.jar
2025-09-02 18:08:38,431 [Worker-8: Launching automation-framework-cucumber] INFO  o.eclipse.m2e.core.internal.Bundles - 	Entry: C:\Users\soumyakanta behera\.p2\pool\plugins\org.eclipse.m2e.maven.runtime_3.9.900.20250220-2013\jars\wagon-http-3.5.3.jar
2025-09-02 18:08:38,431 [Worker-8: Launching automation-framework-cucumber] INFO  o.eclipse.m2e.core.internal.Bundles - 	Entry: C:\Users\soumyakanta behera\.p2\pool\plugins\org.eclipse.m2e.maven.runtime_3.9.900.20250220-2013\jars\wagon-http-shared-3.5.3.jar
2025-09-02 18:08:38,431 [Worker-8: Launching automation-framework-cucumber] INFO  o.eclipse.m2e.core.internal.Bundles - 	Entry: C:\Users\soumyakanta behera\.p2\pool\plugins\org.eclipse.m2e.maven.runtime_3.9.900.20250220-2013\jars\wagon-provider-api-3.5.3.jar
2025-09-02 18:08:38,434 [Worker-8: Launching automation-framework-cucumber] INFO  o.eclipse.m2e.core.internal.Bundles - getClasspathEntries(Bundle=com.google.guava_33.4.8.jre [18])
2025-09-02 18:08:38,435 [Worker-8: Launching automation-framework-cucumber] INFO  o.eclipse.m2e.core.internal.Bundles - 	Entry: C:\Users\soumyakanta behera\.p2\pool\plugins\com.google.guava_33.4.8.jre.jar
2025-09-02 18:08:38,435 [Worker-8: Launching automation-framework-cucumber] INFO  o.eclipse.m2e.core.internal.Bundles - getClasspathEntries(Bundle=slf4j.api_2.0.17 [1004])
2025-09-02 18:08:38,435 [Worker-8: Launching automation-framework-cucumber] INFO  o.eclipse.m2e.core.internal.Bundles - 	Entry: C:\Users\soumyakanta behera\.p2\pool\plugins\slf4j.api_2.0.17.jar
2025-09-02 18:08:38,435 [Worker-8: Launching automation-framework-cucumber] INFO  o.eclipse.m2e.core.internal.Bundles - getClasspathEntries(Bundle=jakarta.inject.jakarta.inject-api_1.0.5 [35])
2025-09-02 18:08:38,436 [Worker-8: Launching automation-framework-cucumber] INFO  o.eclipse.m2e.core.internal.Bundles - 	Entry: C:\Users\soumyakanta behera\.p2\pool\plugins\jakarta.inject.jakarta.inject-api_1.0.5.jar
2025-09-02 18:08:38,436 [Worker-8: Launching automation-framework-cucumber] INFO  o.eclipse.m2e.core.internal.Bundles - getClasspathEntries(Bundle=javax.annotation_1.3.5.v20200909-1856 [45])
2025-09-02 18:08:38,437 [Worker-8: Launching automation-framework-cucumber] INFO  o.eclipse.m2e.core.internal.Bundles - 	Entry: C:\Users\soumyakanta behera\.p2\pool\plugins\javax.annotation_1.3.5.v20200909-1856.jar
2025-09-02 18:08:38,437 [Worker-8: Launching automation-framework-cucumber] INFO  o.eclipse.m2e.core.internal.Bundles - getClasspathEntries(Bundle=org.apache.commons.cli_1.9.0 [76])
2025-09-02 18:08:38,438 [Worker-8: Launching automation-framework-cucumber] INFO  o.eclipse.m2e.core.internal.Bundles - 	Entry: C:\Users\soumyakanta behera\.p2\pool\plugins\org.apache.commons.cli_1.9.0.jar
2025-09-02 18:08:38,438 [Worker-8: Launching automation-framework-cucumber] INFO  o.eclipse.m2e.core.internal.Bundles - getClasspathEntries(Bundle=org.apache.commons.commons-codec_1.16.0 [78])
2025-09-02 18:08:38,440 [Worker-8: Launching automation-framework-cucumber] INFO  o.eclipse.m2e.core.internal.Bundles - 	Entry: C:\Users\soumyakanta behera\.p2\pool\plugins\org.apache.commons.commons-codec_1.16.0.jar
2025-09-02 18:08:38,440 [Worker-8: Launching automation-framework-cucumber] INFO  o.eclipse.m2e.core.internal.Bundles - getClasspathEntries(Bundle=com.google.guava.failureaccess_1.0.3 [19])
2025-09-02 18:08:38,440 [Worker-8: Launching automation-framework-cucumber] INFO  o.eclipse.m2e.core.internal.Bundles - 	Entry: C:\Users\soumyakanta behera\.p2\pool\plugins\com.google.guava.failureaccess_1.0.3.jar
2025-09-02 18:08:38,443 [Worker-8: Launching automation-framework-cucumber] INFO  o.e.m.i.launch.MavenLaunchDelegate - Run build in "C:\Users\soumyakanta behera\Downloads\automation-framework-cucumber\automation-framework-cucumber":
2025-09-02 18:08:38,443 [Worker-8: Launching automation-framework-cucumber] INFO  o.e.m.i.launch.MavenLaunchDelegate -  mvn  -B -U -Dmaven.test.skip=true -DskipTests -Dstyle.color=always clean install
2025-09-02 18:19:46,678 [Worker-5: Rebuilding] INFO  o.a.m.s.f.DefaultMavenResourcesFiltering - Copying 0 resource from src\main\resources to target\classes
2025-09-02 18:19:46,683 [Worker-5: Rebuilding] INFO  o.a.m.s.f.DefaultMavenResourcesFiltering - Copying 0 resource from src\test\resources to target\test-classes
2025-09-02 18:20:19,849 [Worker-28: Building] INFO  o.a.m.s.f.DefaultMavenResourcesFiltering - Copying 0 resource from src\main\resources to target\classes
2025-09-02 18:20:19,853 [Worker-28: Building] INFO  o.a.m.s.f.DefaultMavenResourcesFiltering - Copying 0 resource from src\test\resources to target\test-classes
2025-09-02 18:20:51,084 [Worker-18: Building] INFO  o.a.m.s.f.DefaultMavenResourcesFiltering - Copying 0 resource from src\main\resources to target\classes
2025-09-02 18:20:51,091 [Worker-18: Building] INFO  o.a.m.s.f.DefaultMavenResourcesFiltering - Copying 0 resource from src\test\resources to target\test-classes
2025-09-02 18:43:00,115 [Worker-5: Building] INFO  o.a.m.s.f.DefaultMavenResourcesFiltering - Copying 0 resource from src\main\resources to target\classes
2025-09-02 18:43:00,123 [Worker-5: Building] INFO  o.a.m.s.f.DefaultMavenResourcesFiltering - Copying 0 resource from src\test\resources to target\test-classes
2025-09-02 18:51:51,146 [Worker-35: Building] INFO  o.a.m.s.f.DefaultMavenResourcesFiltering - Copying 0 resource from src\main\resources to target\classes
2025-09-02 18:51:51,149 [Worker-35: Building] INFO  o.a.m.s.f.DefaultMavenResourcesFiltering - Copying 0 resource from src\test\resources to target\test-classes
2025-09-02 18:52:32,932 [Worker-32: Updating Maven Project] INFO  o.e.m.c.i.p.ProjectConfigurationManager - Update started
2025-09-02 18:52:33,649 [Worker-32: Updating Maven Project] INFO  o.e.m.c.i.l.LifecycleMappingFactory - Using org.eclipse.m2e.jdt.JarLifecycleMapping lifecycle mapping for MavenProject: test:bookmyshow:0.0.1-SNAPSHOT @ C:\Users\soumyakanta behera\Downloads\automation-framework-cucumber\automation-framework-cucumber\pom.xml.
2025-09-02 18:52:36,489 [Worker-32: Updating Maven Project] INFO  o.e.m.c.i.e.AbstractTransferListenerAdapter - Downloading https://repo.maven.apache.org/maven2/io/cucumber/messages/maven-metadata.xml
2025-09-02 18:52:36,496 [Worker-32: Updating Maven Project] INFO  o.e.m.c.i.e.AbstractTransferListenerAdapter - Downloaded https://repo.maven.apache.org/maven2/io/cucumber/messages/maven-metadata.xml
2025-09-02 18:52:37,064 [Worker-32: Updating Maven Project] INFO  o.e.m.c.i.e.AbstractTransferListenerAdapter - Downloading https://repo.maven.apache.org/maven2/io/cucumber/query/maven-metadata.xml
2025-09-02 18:52:37,080 [Worker-32: Updating Maven Project] INFO  o.e.m.c.i.e.AbstractTransferListenerAdapter - Downloaded https://repo.maven.apache.org/maven2/io/cucumber/query/maven-metadata.xml
2025-09-02 18:52:37,670 [Worker-32: Updating Maven Project] INFO  o.e.m.j.i.AbstractJavaProjectConfigurator - Adding source folder /automation-framework-cucumber/src/main/java
2025-09-02 18:52:37,671 [Worker-32: Updating Maven Project] INFO  o.e.m.j.i.AbstractJavaProjectConfigurator - Adding resource folder /automation-framework-cucumber/src/main/resources
2025-09-02 18:52:37,671 [Worker-32: Updating Maven Project] INFO  o.e.m.j.i.AbstractJavaProjectConfigurator - Adding source folder /automation-framework-cucumber/src/test/java
2025-09-02 18:52:37,672 [Worker-32: Updating Maven Project] INFO  o.e.m.j.i.AbstractJavaProjectConfigurator - Adding resource folder /automation-framework-cucumber/src/test/resources
2025-09-02 18:52:37,877 [Worker-32: Updating Maven Project] INFO  o.e.m.jdt.internal.UnitTestSupport - Reset launch configuration name: automation-framework-cucumber_testng.xml
2025-09-02 18:52:37,877 [Worker-32: Updating Maven Project] INFO  o.e.m.jdt.internal.UnitTestSupport - Updating automation-framework-cucumber_testng.xml from maven configuration
2025-09-02 18:52:38,373 [Worker-32: Updating Maven Project] INFO  o.e.m.c.i.p.ProjectConfigurationManager - Update completed for 1 poms: local refresh takes 0.00 sec, refresh facades takes 4.00 sec, update config takes 0.00 sec 
2025-09-02 18:52:38,859 [Worker-35: Building] INFO  o.a.m.s.f.DefaultMavenResourcesFiltering - Copying 0 resource from src\main\resources to target\classes
2025-09-02 18:52:38,868 [Worker-35: Building] INFO  o.a.m.s.f.DefaultMavenResourcesFiltering - Copying 0 resource from src\test\resources to target\test-classes
2025-09-02 18:53:06,808 [Worker-39: Updating Maven Project] INFO  o.e.m.c.i.p.ProjectConfigurationManager - Update started
2025-09-02 18:53:07,065 [Worker-39: Updating Maven Project] INFO  o.e.m.c.i.l.LifecycleMappingFactory - Using org.eclipse.m2e.jdt.JarLifecycleMapping lifecycle mapping for MavenProject: test:bookmyshow:0.0.1-SNAPSHOT @ C:\Users\soumyakanta behera\Downloads\automation-framework-cucumber\automation-framework-cucumber\pom.xml.
2025-09-02 18:53:08,331 [Worker-39: Updating Maven Project] INFO  o.e.m.c.i.e.AbstractTransferListenerAdapter - Downloading https://repo.maven.apache.org/maven2/io/cucumber/messages/maven-metadata.xml
2025-09-02 18:53:08,345 [Worker-39: Updating Maven Project] INFO  o.e.m.c.i.e.AbstractTransferListenerAdapter - Downloaded https://repo.maven.apache.org/maven2/io/cucumber/messages/maven-metadata.xml
2025-09-02 18:53:08,761 [Worker-39: Updating Maven Project] INFO  o.e.m.c.i.e.AbstractTransferListenerAdapter - Downloading https://repo.maven.apache.org/maven2/io/cucumber/query/maven-metadata.xml
2025-09-02 18:53:08,769 [Worker-39: Updating Maven Project] INFO  o.e.m.c.i.e.AbstractTransferListenerAdapter - Downloaded https://repo.maven.apache.org/maven2/io/cucumber/query/maven-metadata.xml
2025-09-02 18:53:09,156 [Worker-39: Updating Maven Project] INFO  o.e.m.j.i.AbstractJavaProjectConfigurator - Adding source folder /automation-framework-cucumber/src/main/java
2025-09-02 18:53:09,157 [Worker-39: Updating Maven Project] INFO  o.e.m.j.i.AbstractJavaProjectConfigurator - Adding resource folder /automation-framework-cucumber/src/main/resources
2025-09-02 18:53:09,158 [Worker-39: Updating Maven Project] INFO  o.e.m.j.i.AbstractJavaProjectConfigurator - Adding source folder /automation-framework-cucumber/src/test/java
2025-09-02 18:53:09,159 [Worker-39: Updating Maven Project] INFO  o.e.m.j.i.AbstractJavaProjectConfigurator - Adding resource folder /automation-framework-cucumber/src/test/resources
2025-09-02 18:53:09,271 [Worker-39: Updating Maven Project] INFO  o.e.m.jdt.internal.UnitTestSupport - Reset launch configuration name: automation-framework-cucumber_testng.xml
2025-09-02 18:53:09,271 [Worker-39: Updating Maven Project] INFO  o.e.m.jdt.internal.UnitTestSupport - Updating automation-framework-cucumber_testng.xml from maven configuration
2025-09-02 18:53:09,622 [Worker-39: Updating Maven Project] INFO  o.e.m.c.i.p.ProjectConfigurationManager - Update completed for 1 poms: local refresh takes 0.00 sec, refresh facades takes 2.00 sec, update config takes 0.00 sec 
2025-09-02 18:53:09,998 [Worker-32: Building] INFO  o.a.m.s.f.DefaultMavenResourcesFiltering - Copying 0 resource from src\main\resources to target\classes
2025-09-02 18:53:10,002 [Worker-32: Building] INFO  o.a.m.s.f.DefaultMavenResourcesFiltering - Copying 0 resource from src\test\resources to target\test-classes
2025-09-02 18:53:40,293 [Worker-40: Building] INFO  o.a.m.s.f.DefaultMavenResourcesFiltering - Copying 0 resource from src\main\resources to target\classes
2025-09-02 18:53:40,296 [Worker-40: Building] INFO  o.a.m.s.f.DefaultMavenResourcesFiltering - Copying 0 resource from src\test\resources to target\test-classes
2025-09-02 18:59:23,647 [Worker-40: Building] INFO  o.a.m.s.f.DefaultMavenResourcesFiltering - Copying 0 resource from src\main\resources to target\classes
2025-09-02 18:59:23,650 [Worker-40: Building] INFO  o.a.m.s.f.DefaultMavenResourcesFiltering - Copying 0 resource from src\test\resources to target\test-classes
2025-09-02 19:01:44,583 [Worker-40: Updating Maven Project] INFO  o.e.m.c.i.p.ProjectConfigurationManager - Update started
2025-09-02 19:01:44,901 [Worker-40: Updating Maven Project] INFO  o.e.m.c.i.l.LifecycleMappingFactory - Using org.eclipse.m2e.jdt.JarLifecycleMapping lifecycle mapping for MavenProject: test:bookmyshow:0.0.1-SNAPSHOT @ C:\Users\soumyakanta behera\Downloads\automation-framework-cucumber\automation-framework-cucumber\pom.xml.
2025-09-02 19:01:45,486 [Worker-40: Updating Maven Project] INFO  o.e.m.c.i.e.AbstractTransferListenerAdapter - Downloading https://repo.maven.apache.org/maven2/io/cucumber/messages/maven-metadata.xml
2025-09-02 19:01:45,507 [Worker-40: Updating Maven Project] INFO  o.e.m.c.i.e.AbstractTransferListenerAdapter - Downloaded https://repo.maven.apache.org/maven2/io/cucumber/messages/maven-metadata.xml
2025-09-02 19:01:45,731 [Worker-40: Updating Maven Project] INFO  o.e.m.c.i.e.AbstractTransferListenerAdapter - Downloading https://repo.maven.apache.org/maven2/io/cucumber/query/maven-metadata.xml
2025-09-02 19:01:45,736 [Worker-40: Updating Maven Project] INFO  o.e.m.c.i.e.AbstractTransferListenerAdapter - Downloaded https://repo.maven.apache.org/maven2/io/cucumber/query/maven-metadata.xml
2025-09-02 19:01:46,446 [Worker-40: Updating Maven Project] INFO  o.e.m.j.i.AbstractJavaProjectConfigurator - Adding source folder /automation-framework-cucumber/src/main/java
2025-09-02 19:01:46,447 [Worker-40: Updating Maven Project] INFO  o.e.m.j.i.AbstractJavaProjectConfigurator - Adding resource folder /automation-framework-cucumber/src/main/resources
2025-09-02 19:01:46,447 [Worker-40: Updating Maven Project] INFO  o.e.m.j.i.AbstractJavaProjectConfigurator - Adding source folder /automation-framework-cucumber/src/test/java
2025-09-02 19:01:46,448 [Worker-40: Updating Maven Project] INFO  o.e.m.j.i.AbstractJavaProjectConfigurator - Adding resource folder /automation-framework-cucumber/src/test/resources
2025-09-02 19:01:47,213 [Worker-40: Updating Maven Project] INFO  o.e.m.jdt.internal.UnitTestSupport - Reset launch configuration name: automation-framework-cucumber_testng.xml
2025-09-02 19:01:47,214 [Worker-40: Updating Maven Project] INFO  o.e.m.jdt.internal.UnitTestSupport - Updating automation-framework-cucumber_testng.xml from maven configuration
2025-09-02 19:01:47,883 [Worker-40: Updating Maven Project] INFO  o.e.m.c.i.p.ProjectConfigurationManager - Update completed for 1 poms: local refresh takes 0.00 sec, refresh facades takes 1.00 sec, update config takes 1.00 sec 
2025-09-02 19:01:48,375 [Worker-38: Building] INFO  o.a.m.s.f.DefaultMavenResourcesFiltering - Copying 0 resource from src\main\resources to target\classes
2025-09-02 19:01:48,383 [Worker-38: Building] INFO  o.a.m.s.f.DefaultMavenResourcesFiltering - Copying 0 resource from src\test\resources to target\test-classes
2025-09-02 19:01:51,352 [Worker-45: Building] INFO  o.a.m.s.f.DefaultMavenResourcesFiltering - Copying 0 resource from src\main\resources to target\classes
2025-09-02 19:01:51,362 [Worker-45: Building] INFO  o.a.m.s.f.DefaultMavenResourcesFiltering - Copying 0 resource from src\test\resources to target\test-classes
2025-09-02 19:02:34,280 [Worker-43: Building] INFO  o.a.m.s.f.DefaultMavenResourcesFiltering - Copying 0 resource from src\main\resources to target\classes
2025-09-02 19:02:34,283 [Worker-43: Building] INFO  o.a.m.s.f.DefaultMavenResourcesFiltering - Copying 0 resource from src\test\resources to target\test-classes
2025-09-02 19:02:42,780 [Worker-43: Updating Maven Project] INFO  o.e.m.c.i.p.ProjectConfigurationManager - Update started
2025-09-02 19:02:43,059 [Worker-43: Updating Maven Project] INFO  o.e.m.c.i.l.LifecycleMappingFactory - Using org.eclipse.m2e.jdt.JarLifecycleMapping lifecycle mapping for MavenProject: test:bookmyshow:0.0.1-SNAPSHOT @ C:\Users\soumyakanta behera\Downloads\automation-framework-cucumber\automation-framework-cucumber\pom.xml.
2025-09-02 19:02:43,542 [Worker-43: Updating Maven Project] INFO  o.e.m.c.i.e.AbstractTransferListenerAdapter - Downloading https://repo.maven.apache.org/maven2/io/cucumber/messages/maven-metadata.xml
2025-09-02 19:02:43,547 [Worker-43: Updating Maven Project] INFO  o.e.m.c.i.e.AbstractTransferListenerAdapter - Downloaded https://repo.maven.apache.org/maven2/io/cucumber/messages/maven-metadata.xml
2025-09-02 19:02:43,708 [Worker-43: Updating Maven Project] INFO  o.e.m.c.i.e.AbstractTransferListenerAdapter - Downloading https://repo.maven.apache.org/maven2/io/cucumber/query/maven-metadata.xml
2025-09-02 19:02:43,711 [Worker-43: Updating Maven Project] INFO  o.e.m.c.i.e.AbstractTransferListenerAdapter - Downloaded https://repo.maven.apache.org/maven2/io/cucumber/query/maven-metadata.xml
2025-09-02 19:02:44,163 [Worker-43: Updating Maven Project] INFO  o.e.m.j.i.AbstractJavaProjectConfigurator - Adding source folder /automation-framework-cucumber/src/main/java
2025-09-02 19:02:44,163 [Worker-43: Updating Maven Project] INFO  o.e.m.j.i.AbstractJavaProjectConfigurator - Adding resource folder /automation-framework-cucumber/src/main/resources
2025-09-02 19:02:44,164 [Worker-43: Updating Maven Project] INFO  o.e.m.j.i.AbstractJavaProjectConfigurator - Adding source folder /automation-framework-cucumber/src/test/java
2025-09-02 19:02:44,164 [Worker-43: Updating Maven Project] INFO  o.e.m.j.i.AbstractJavaProjectConfigurator - Adding resource folder /automation-framework-cucumber/src/test/resources
2025-09-02 19:02:44,300 [Worker-43: Updating Maven Project] INFO  o.e.m.jdt.internal.UnitTestSupport - Reset launch configuration name: automation-framework-cucumber_testng.xml
2025-09-02 19:02:44,300 [Worker-43: Updating Maven Project] INFO  o.e.m.jdt.internal.UnitTestSupport - Updating automation-framework-cucumber_testng.xml from maven configuration
2025-09-02 19:02:45,069 [Worker-43: Updating Maven Project] INFO  o.e.m.c.i.p.ProjectConfigurationManager - Update completed for 1 poms: local refresh takes 0.00 sec, refresh facades takes 1.00 sec, update config takes 0.00 sec 
2025-09-02 19:02:45,572 [Worker-38: Building] INFO  o.a.m.s.f.DefaultMavenResourcesFiltering - Copying 0 resource from src\main\resources to target\classes
2025-09-02 19:02:45,579 [Worker-38: Building] INFO  o.a.m.s.f.DefaultMavenResourcesFiltering - Copying 0 resource from src\test\resources to target\test-classes
2025-09-02 19:02:48,676 [Worker-43: Building] INFO  o.a.m.s.f.DefaultMavenResourcesFiltering - Copying 0 resource from src\main\resources to target\classes
2025-09-02 19:02:48,679 [Worker-43: Building] INFO  o.a.m.s.f.DefaultMavenResourcesFiltering - Copying 0 resource from src\test\resources to target\test-classes
2025-09-02 19:03:23,741 [Worker-38: Building] INFO  o.a.m.s.f.DefaultMavenResourcesFiltering - Copying 0 resource from src\main\resources to target\classes
2025-09-02 19:03:23,744 [Worker-38: Building] INFO  o.a.m.s.f.DefaultMavenResourcesFiltering - Copying 0 resource from src\test\resources to target\test-classes
2025-09-02 19:07:48,254 [Worker-38: Building] INFO  o.a.m.s.f.DefaultMavenResourcesFiltering - Copying 0 resource from src\main\resources to target\classes
2025-09-02 19:07:48,257 [Worker-38: Building] INFO  o.a.m.s.f.DefaultMavenResourcesFiltering - Copying 0 resource from src\test\resources to target\test-classes
2025-09-02 19:11:11,213 [Worker-49: Building] INFO  o.a.m.s.f.DefaultMavenResourcesFiltering - Copying 0 resource from src\main\resources to target\classes
2025-09-02 19:11:11,217 [Worker-49: Building] INFO  o.a.m.s.f.DefaultMavenResourcesFiltering - Copying 0 resource from src\test\resources to target\test-classes
2025-09-02 19:13:15,227 [Worker-46: Building] INFO  o.a.m.s.f.DefaultMavenResourcesFiltering - Copying 0 resource from src\main\resources to target\classes
2025-09-02 19:13:15,230 [Worker-46: Building] INFO  o.a.m.s.f.DefaultMavenResourcesFiltering - Copying 0 resource from src\test\resources to target\test-classes
2025-09-02 19:13:21,651 [Worker-49: Building] INFO  o.a.m.s.f.DefaultMavenResourcesFiltering - Copying 0 resource from src\main\resources to target\classes
2025-09-02 19:13:21,655 [Worker-49: Building] INFO  o.a.m.s.f.DefaultMavenResourcesFiltering - Copying 0 resource from src\test\resources to target\test-classes
2025-09-02 19:13:33,069 [Worker-46: Building] INFO  o.a.m.s.f.DefaultMavenResourcesFiltering - Copying 0 resource from src\main\resources to target\classes
2025-09-02 19:13:33,072 [Worker-46: Building] INFO  o.a.m.s.f.DefaultMavenResourcesFiltering - Copying 0 resource from src\test\resources to target\test-classes
2025-09-02 19:16:16,755 [Worker-52: Building] INFO  o.a.m.s.f.DefaultMavenResourcesFiltering - Copying 0 resource from src\main\resources to target\classes
2025-09-02 19:16:16,758 [Worker-52: Building] INFO  o.a.m.s.f.DefaultMavenResourcesFiltering - Copying 0 resource from src\test\resources to target\test-classes
2025-09-02 19:17:53,542 [Worker-53: Building] INFO  o.a.m.s.f.DefaultMavenResourcesFiltering - Copying 0 resource from src\main\resources to target\classes
2025-09-02 19:17:53,547 [Worker-53: Building] INFO  o.a.m.s.f.DefaultMavenResourcesFiltering - Copying 0 resource from src\test\resources to target\test-classes
2025-09-02 19:22:46,415 [Worker-49: Building] INFO  o.a.m.s.f.DefaultMavenResourcesFiltering - Copying 0 resource from src\main\resources to target\classes
2025-09-02 19:22:46,419 [Worker-49: Building] INFO  o.a.m.s.f.DefaultMavenResourcesFiltering - Copying 0 resource from src\test\resources to target\test-classes
2025-09-02 19:29:05,597 [Worker-56: Building] INFO  o.a.m.s.f.DefaultMavenResourcesFiltering - Copying 0 resource from src\main\resources to target\classes
2025-09-02 19:29:05,602 [Worker-56: Building] INFO  o.a.m.s.f.DefaultMavenResourcesFiltering - Copying 0 resource from src\test\resources to target\test-classes
2025-09-02 19:29:27,584 [Worker-61: Building] INFO  o.a.m.s.f.DefaultMavenResourcesFiltering - Copying 0 resource from src\main\resources to target\classes
2025-09-02 19:29:27,586 [Worker-61: Building] INFO  o.a.m.s.f.DefaultMavenResourcesFiltering - Copying 0 resource from src\test\resources to target\test-classes
2025-09-02 19:29:35,442 [Worker-61: Building] INFO  o.a.m.s.f.DefaultMavenResourcesFiltering - Copying 0 resource from src\main\resources to target\classes
2025-09-02 19:29:35,445 [Worker-61: Building] INFO  o.a.m.s.f.DefaultMavenResourcesFiltering - Copying 0 resource from src\test\resources to target\test-classes
2025-09-02 19:34:25,048 [Worker-63: Building] INFO  o.a.m.s.f.DefaultMavenResourcesFiltering - Copying 0 resource from src\main\resources to target\classes
2025-09-02 19:34:25,052 [Worker-63: Building] INFO  o.a.m.s.f.DefaultMavenResourcesFiltering - Copying 0 resource from src\test\resources to target\test-classes
2025-09-02 19:35:24,117 [Worker-59: Building] INFO  o.a.m.s.f.DefaultMavenResourcesFiltering - Copying 0 resource from src\main\resources to target\classes
2025-09-02 19:35:24,121 [Worker-59: Building] INFO  o.a.m.s.f.DefaultMavenResourcesFiltering - Copying 0 resource from src\test\resources to target\test-classes
2025-09-02 19:35:31,135 [Worker-64: Building] INFO  o.a.m.s.f.DefaultMavenResourcesFiltering - Copying 0 resource from src\main\resources to target\classes
2025-09-02 19:35:31,138 [Worker-64: Building] INFO  o.a.m.s.f.DefaultMavenResourcesFiltering - Copying 0 resource from src\test\resources to target\test-classes
2025-09-02 19:35:45,302 [Worker-61: Building] INFO  o.a.m.s.f.DefaultMavenResourcesFiltering - Copying 0 resource from src\main\resources to target\classes
2025-09-02 19:35:45,304 [Worker-61: Building] INFO  o.a.m.s.f.DefaultMavenResourcesFiltering - Copying 0 resource from src\test\resources to target\test-classes
2025-09-02 19:45:00,553 [Worker-59: Building] INFO  o.a.m.s.f.DefaultMavenResourcesFiltering - Copying 0 resource from src\main\resources to target\classes
2025-09-02 19:45:00,562 [Worker-59: Building] INFO  o.a.m.s.f.DefaultMavenResourcesFiltering - Copying 0 resource from src\test\resources to target\test-classes
2025-09-02 23:35:15,761 [Worker-3: Loading available Gradle versions] INFO  o.e.b.c.i.u.g.PublishedGradleVersions - Gradle version information cache is up-to-date. Trying to read.
